limbo-android-sparc/build/intermediates/manifest_merge_blame_file/debug/manifest-merger-blame-debug-report.txt
1<?xml version="1.0" encoding="utf-8"?>
2<manifest xmlns:android="http://schemas.android.com/apk/res/android"
3    package="com.limbo.emu.plus.sparc"
4    android:versionCode="60001"
5    android:versionName="6.0.1-sparc" >
6
7    <uses-sdk
8        android:minSdkVersion="21"
8-->src\main\AndroidManifest.xml
9        android:targetSdkVersion="29" />
9-->src\main\AndroidManifest.xml
10
11    <uses-permission android:name="android.permission.INTERNET" />
11-->[:limbo-android-lib] AndroidManifest.xml:9:5-67
11-->[:limbo-android-lib] AndroidManifest.xml:9:22-64
12    <uses-permission android:name="android.permission.READ_EXTERNAL_STORAGE" />
12-->[:limbo-android-lib] AndroidManifest.xml:10:5-80
12-->[:limbo-android-lib] AndroidManifest.xml:10:22-77
13    <uses-permission android:name="android.permission.WRITE_EXTERNAL_STORAGE" />
13-->[:limbo-android-lib] AndroidManifest.xml:11:5-81
13-->[:limbo-android-lib] AndroidManifest.xml:11:22-78
14    <uses-permission android:name="android.permission.ACCESS_NETWORK_STATE" />
14-->[:limbo-android-lib] AndroidManifest.xml:12:5-79
14-->[:limbo-android-lib] AndroidManifest.xml:12:22-76
15    <uses-permission android:name="android.permission.WAKE_LOCK" />
15-->[:limbo-android-lib] AndroidManifest.xml:13:5-68
15-->[:limbo-android-lib] AndroidManifest.xml:13:22-65
16    <uses-permission android:name="android.permission.ACCESS_WIFI_STATE" />
16-->[:limbo-android-lib] AndroidManifest.xml:14:5-76
16-->[:limbo-android-lib] AndroidManifest.xml:14:22-73
17    <uses-permission android:name="android.permission.CHANGE_WIFI_STATE" />
17-->[:limbo-android-lib] AndroidManifest.xml:15:5-76
17-->[:limbo-android-lib] AndroidManifest.xml:15:22-73
18    <uses-permission android:name="android.permission.CHANGE_NETWORK_STATE" />
18-->[:limbo-android-lib] AndroidManifest.xml:16:5-79
18-->[:limbo-android-lib] AndroidManifest.xml:16:22-76
19    <uses-permission android:name="android.permission.VIBRATE" />
19-->[:limbo-android-lib] AndroidManifest.xml:17:5-66
19-->[:limbo-android-lib] AndroidManifest.xml:17:22-63
20    <uses-permission android:name="android.permission.MODIFY_AUDIO_SETTINGS" />
20-->[:limbo-android-lib] AndroidManifest.xml:18:5-80
20-->[:limbo-android-lib] AndroidManifest.xml:18:22-77
21    <uses-permission android:name="android.permission.FOREGROUND_SERVICE" />
21-->[:limbo-android-lib] AndroidManifest.xml:19:5-77
21-->[:limbo-android-lib] AndroidManifest.xml:19:22-74
22
23    <uses-feature android:glEsVersion="0x00020000" />
23-->[:limbo-android-lib] AndroidManifest.xml:21:5-54
23-->[:limbo-android-lib] AndroidManifest.xml:21:19-51
24
25    <application
25-->src\main\AndroidManifest.xml:7:5-22:19
26        android:name="com.max2idea.android.limbo.main.LimboApplication"
26-->[:limbo-android-lib] AndroidManifest.xml:24:9-72
27        android:allowBackup="true"
27-->[:limbo-android-lib] AndroidManifest.xml:25:9-35
28        android:appComponentFactory="androidx.core.app.CoreComponentFactory"
28-->[androidx.core:core:1.1.0] AndroidManifest.xml:24:18-86
29        android:debuggable="true"
30        android:hardwareAccelerated="true"
30-->[:limbo-android-lib] AndroidManifest.xml:26:9-43
31        android:icon="@drawable/limbo"
31-->[:limbo-android-lib] AndroidManifest.xml:27:9-39
32        android:label="Limbo SPARC Emulator"
32-->src\main\AndroidManifest.xml:9:9-45
33        android:largeHeap="true"
33-->[:limbo-android-lib] AndroidManifest.xml:28:9-33
34        android:requestLegacyExternalStorage="true"
34-->[:limbo-android-lib] AndroidManifest.xml:29:9-52
35        android:roundIcon="@drawable/limbo_circle"
35-->[:limbo-android-lib] AndroidManifest.xml:30:9-51
36        android:theme="@style/Theme.AppCompat" >
36-->[:limbo-android-lib] AndroidManifest.xml:31:9-47
37        <activity
37-->src\main\AndroidManifest.xml:11:9-21:20
38            android:name="com.limbo.emu.plus.sparc.LimboEmuActivity"
38-->src\main\AndroidManifest.xml:12:13-69
39            android:configChanges="mcc|mnc|locale|touchscreen|keyboard|keyboardHidden|navigation|screenLayout|fontScale|uiMode|orientation|screenSize|smallestScreenSize"
39-->src\main\AndroidManifest.xml:13:13-170
40            android:label="Limbo SPARC"
40-->src\main\AndroidManifest.xml:14:13-40
41            android:launchMode="singleTop"
41-->src\main\AndroidManifest.xml:15:13-43
42            android:theme="@style/Theme.AppCompat.NoActionBar" >
42-->src\main\AndroidManifest.xml:16:13-63
43            <intent-filter>
43-->src\main\AndroidManifest.xml:17:13-20:29
44                <action android:name="android.intent.action.MAIN" />
44-->src\main\AndroidManifest.xml:18:17-69
44-->src\main\AndroidManifest.xml:18:25-66
45
46                <category android:name="android.intent.category.LAUNCHER" />
46-->src\main\AndroidManifest.xml:19:17-77
46-->src\main\AndroidManifest.xml:19:27-74
47            </intent-filter>
48        </activity>
49        <activity
49-->[:limbo-android-lib] AndroidManifest.xml:32:9-35:51
50            android:name="com.max2idea.android.limbo.main.LimboFileManager"
50-->[:limbo-android-lib] AndroidManifest.xml:33:13-76
51            android:configChanges="mcc|mnc|locale|touchscreen|keyboard|keyboardHidden|navigation|screenLayout|fontScale|uiMode|orientation|screenSize|smallestScreenSize"
51-->[:limbo-android-lib] AndroidManifest.xml:34:13-170
52            android:label="@string/filemanager" />
52-->[:limbo-android-lib] AndroidManifest.xml:35:13-48
53        <activity
53-->[:limbo-android-lib] AndroidManifest.xml:36:9-41:66
54            android:name="com.max2idea.android.limbo.main.LimboSDLActivity"
54-->[:limbo-android-lib] AndroidManifest.xml:37:13-76
55            android:configChanges="mcc|mnc|locale|touchscreen|keyboard|keyboardHidden|navigation|screenLayout|fontScale|uiMode|orientation|screenSize|smallestScreenSize"
55-->[:limbo-android-lib] AndroidManifest.xml:38:13-170
56            android:label="@string/app_name"
56-->[:limbo-android-lib] AndroidManifest.xml:39:13-45
57            android:launchMode="singleTask"
57-->[:limbo-android-lib] AndroidManifest.xml:40:13-44
58            android:theme="@style/Theme.AppCompat.NoActionBar" />
58-->[:limbo-android-lib] AndroidManifest.xml:41:13-63
59        <activity
59-->[:limbo-android-lib] AndroidManifest.xml:42:9-45:48
60            android:name="com.max2idea.android.limbo.main.LimboSettingsManager"
60-->[:limbo-android-lib] AndroidManifest.xml:43:13-80
61            android:configChanges="mcc|mnc|locale|touchscreen|keyboard|keyboardHidden|navigation|screenLayout|fontScale|uiMode|orientation|screenSize|smallestScreenSize"
61-->[:limbo-android-lib] AndroidManifest.xml:44:13-170
62            android:label="@string/Settings" />
62-->[:limbo-android-lib] AndroidManifest.xml:45:13-45
63
64        <service
64-->[:limbo-android-lib] AndroidManifest.xml:47:9-55:19
65            android:name="com.max2idea.android.limbo.machine.MachineService"
65-->[:limbo-android-lib] AndroidManifest.xml:48:13-77
66            android:enabled="true"
66-->[:limbo-android-lib] AndroidManifest.xml:49:13-35
67            android:exported="false"
67-->[:limbo-android-lib] AndroidManifest.xml:50:13-37
68            android:label="@string/limboservice" >
68-->[:limbo-android-lib] AndroidManifest.xml:51:13-49
69            <intent-filter>
69-->[:limbo-android-lib] AndroidManifest.xml:52:13-54:29
70                <action android:name="com.max2idea.android.limbo.action.STARTVM" />
70-->[:limbo-android-lib] AndroidManifest.xml:53:17-84
70-->[:limbo-android-lib] AndroidManifest.xml:53:25-81
71            </intent-filter>
72        </service>
73
74        <provider
74-->[androidx.lifecycle:lifecycle-process:2.2.0] AndroidManifest.xml:25:9-29:43
75            android:name="androidx.lifecycle.ProcessLifecycleOwnerInitializer"
75-->[androidx.lifecycle:lifecycle-process:2.2.0] AndroidManifest.xml:26:13-79
76            android:authorities="com.limbo.emu.plus.sparc.lifecycle-process"
76-->[androidx.lifecycle:lifecycle-process:2.2.0] AndroidManifest.xml:27:13-69
77            android:exported="false"
77-->[androidx.lifecycle:lifecycle-process:2.2.0] AndroidManifest.xml:28:13-37
78            android:multiprocess="true" />
78-->[androidx.lifecycle:lifecycle-process:2.2.0] AndroidManifest.xml:29:13-40
79    </application>
80
81</manifest>